\BOOKMARK [0][-]{chapter.1}{Introduction}{}% 1
\BOOKMARK [0][-]{chapter.2}{Background}{}% 2
\BOOKMARK [0][-]{chapter.3}{Main Chapter}{}% 3
\BOOKMARK [1][-]{section.3.1}{Section}{chapter.3}% 4
\BOOKMARK [2][-]{subsection.3.1.1}{Subsection}{section.3.1}% 5
\BOOKMARK [2][-]{subsection.3.1.2}{Subsection}{section.3.1}% 6
\BOOKMARK [2][-]{subsection.3.1.3}{Subsection}{section.3.1}% 7
\BOOKMARK [1][-]{section.3.2}{Section}{chapter.3}% 8
\BOOKMARK [2][-]{subsection.3.2.1}{Subsection}{section.3.2}% 9
\BOOKMARK [2][-]{subsection.3.2.2}{Subsection}{section.3.2}% 10
\BOOKMARK [1][-]{section.3.3}{Section}{chapter.3}% 11
\BOOKMARK [0][-]{chapter.4}{Other chapter}{}% 12
\BOOKMARK [1][-]{section.4.1}{Section}{chapter.4}% 13
\BOOKMARK [2][-]{subsection.4.1.1}{Subsection}{section.4.1}% 14
\BOOKMARK [2][-]{subsection.4.1.2}{Subsection}{section.4.1}% 15
\BOOKMARK [2][-]{subsection.4.1.3}{Subsection}{section.4.1}% 16
\BOOKMARK [1][-]{section.4.2}{Section}{chapter.4}% 17
\BOOKMARK [2][-]{subsection.4.2.1}{Subsection}{section.4.2}% 18
\BOOKMARK [2][-]{subsection.4.2.2}{Subsection}{section.4.2}% 19
\BOOKMARK [1][-]{section.4.3}{Section}{chapter.4}% 20
\BOOKMARK [0][-]{chapter.5}{Results and evaluation}{}% 21
\BOOKMARK [0][-]{chapter.6}{Related work}{}% 22
\BOOKMARK [0][-]{chapter.7}{Future work}{}% 23
\BOOKMARK [0][-]{chapter.8}{Conclusion}{}% 24
\BOOKMARK [0][-]{section*.9}{Bibliography}{}% 25
\BOOKMARK [0][-]{appendix.A}{Extra Information}{}% 26
\BOOKMARK [0][-]{section*.11}{Index}{}% 27
