\BOOKMARK [0][-]{chapter.1}{Introduction}{}% 1
\BOOKMARK [1][-]{section.1.1}{EXAMPLES}{chapter.1}% 2
\BOOKMARK [1][-]{section.1.2}{Motivation}{chapter.1}% 3
\BOOKMARK [2][-]{subsection.1.2.1}{Signale}{section.1.2}% 4
\BOOKMARK [2][-]{subsection.1.2.2}{INIG}{section.1.2}% 5
\BOOKMARK [0][-]{chapter.2}{Background}{}% 6
\BOOKMARK [1][-]{section.2.1}{Working At The RKI}{chapter.2}% 7
\BOOKMARK [1][-]{section.2.2}{Natural language Processing}{chapter.2}% 8
\BOOKMARK [2][-]{subsection.2.2.1}{Stop Words}{section.2.2}% 9
\BOOKMARK [2][-]{subsection.2.2.2}{Tokenization}{section.2.2}% 10
\BOOKMARK [2][-]{subsection.2.2.3}{Bag Of Words}{section.2.2}% 11
\BOOKMARK [2][-]{subsection.2.2.4}{\(Disease\) Name Entity Recognition}{section.2.2}% 12
\BOOKMARK [1][-]{section.2.3}{Machine Learning}{chapter.2}% 13
\BOOKMARK [2][-]{subsection.2.3.1}{Naive Bayes Classifier}{section.2.3}% 14
\BOOKMARK [0][-]{chapter.3}{Main Chapter}{}% 15
\BOOKMARK [1][-]{section.3.1}{Section}{chapter.3}% 16
\BOOKMARK [2][-]{subsection.3.1.1}{Subsection}{section.3.1}% 17
\BOOKMARK [2][-]{subsection.3.1.2}{Subsection}{section.3.1}% 18
\BOOKMARK [2][-]{subsection.3.1.3}{Subsection}{section.3.1}% 19
\BOOKMARK [1][-]{section.3.2}{Section}{chapter.3}% 20
\BOOKMARK [2][-]{subsection.3.2.1}{Subsection}{section.3.2}% 21
\BOOKMARK [2][-]{subsection.3.2.2}{Subsection}{section.3.2}% 22
\BOOKMARK [1][-]{section.3.3}{Section}{chapter.3}% 23
\BOOKMARK [0][-]{chapter.4}{Other chapter}{}% 24
\BOOKMARK [1][-]{section.4.1}{Section}{chapter.4}% 25
\BOOKMARK [2][-]{subsection.4.1.1}{Subsection}{section.4.1}% 26
\BOOKMARK [2][-]{subsection.4.1.2}{Subsection}{section.4.1}% 27
\BOOKMARK [2][-]{subsection.4.1.3}{Subsection}{section.4.1}% 28
\BOOKMARK [1][-]{section.4.2}{Section}{chapter.4}% 29
\BOOKMARK [2][-]{subsection.4.2.1}{Subsection}{section.4.2}% 30
\BOOKMARK [2][-]{subsection.4.2.2}{Subsection}{section.4.2}% 31
\BOOKMARK [1][-]{section.4.3}{Section}{chapter.4}% 32
\BOOKMARK [0][-]{chapter.5}{Results and evaluation}{}% 33
\BOOKMARK [0][-]{chapter.6}{Related work}{}% 34
\BOOKMARK [0][-]{chapter.7}{Future work}{}% 35
\BOOKMARK [0][-]{chapter.8}{Conclusion}{}% 36
\BOOKMARK [0][-]{section*.8}{Bibliography}{}% 37
\BOOKMARK [0][-]{appendix.A}{Extra Information}{}% 38
\BOOKMARK [0][-]{section*.10}{Index}{}% 39
